2023.11.22 20:50:55 INFO  Started: Metals version 1.1.0 in folders '/home/ariane/Ariane/Development/Scala-Projects/algorithms/scalatest-example' for client Visual Studio Code 1.84.2.
2023.11.22 20:51:00 WARN  no build target for: /home/ariane/Ariane/Development/Scala-Projects/algorithms/scalatest-example/src/test/scala/CubeCalculatorTest.scala
2023.11.22 20:51:01 WARN  Build server is not auto-connectable.
2023.11.22 20:51:01 WARN  no build target for: /home/ariane/Ariane/Development/Scala-Projects/algorithms/scalatest-example/src/test/scala/CubeCalculatorTest.scala
Nov 22, 2023 8:51:01 PM org.eclipse.lsp4j.jsonrpc.RemoteEndpoint fallbackResponseError
SEVERE: Internal error: scala.meta.internal.metals.debug.BuildTargetNotFoundForPathException: No build target could be found for the path: /home/ariane/Ariane/Development/Scala-Projects/algorithms/scalatest-example/src/test/scala/CubeCalculatorTest.scala
java.util.concurrent.CompletionException: scala.meta.internal.metals.debug.BuildTargetNotFoundForPathException: No build target could be found for the path: /home/ariane/Ariane/Development/Scala-Projects/algorithms/scalatest-example/src/test/scala/CubeCalculatorTest.scala
	at java.base/java.util.concurrent.CompletableFuture.encodeThrowable(CompletableFuture.java:331)
	at java.base/java.util.concurrent.CompletableFuture.uniAcceptNow(CompletableFuture.java:743)
	at java.base/java.util.concurrent.CompletableFuture.uniAcceptStage(CompletableFuture.java:731)
	at java.base/java.util.concurrent.CompletableFuture.thenAcceptAsync(CompletableFuture.java:2112)
	at scala.concurrent.java8.FuturesConvertersImpl$CF.thenAccept(FutureConvertersImpl.scala:37)
	at org.eclipse.lsp4j.jsonrpc.RemoteEndpoint.handleRequest(RemoteEndpoint.java:279)
	at org.eclipse.lsp4j.jsonrpc.RemoteEndpoint.consume(RemoteEndpoint.java:190)
	at org.eclipse.lsp4j.jsonrpc.json.StreamMessageProducer.handleMessage(StreamMessageProducer.java:194)
	at org.eclipse.lsp4j.jsonrpc.json.StreamMessageProducer.listen(StreamMessageProducer.java:94)
	at org.eclipse.lsp4j.jsonrpc.json.ConcurrentMessageProcessor.run(ConcurrentMessageProcessor.java:113)
	at java.base/java.util.concurrent.Executors$RunnableAdapter.call(Executors.java:515)
	at java.base/java.util.concurrent.FutureTask.run(FutureTask.java:264)
	at java.base/java.util.concurrent.ThreadPoolExecutor.runWorker(ThreadPoolExecutor.java:1128)
	at java.base/java.util.concurrent.ThreadPoolExecutor$Worker.run(ThreadPoolExecutor.java:628)
	at java.base/java.lang.Thread.run(Thread.java:829)
Caused by: scala.meta.internal.metals.debug.BuildTargetNotFoundForPathException: No build target could be found for the path: /home/ariane/Ariane/Development/Scala-Projects/algorithms/scalatest-example/src/test/scala/CubeCalculatorTest.scala
	at scala.meta.internal.metals.debug.DebugProvider.debugDiscovery(DebugProvider.scala:469)
	at scala.meta.internal.metals.MetalsLspService.debugDiscovery(MetalsLspService.scala:1857)
	at scala.meta.internal.metals.WorkspaceLspService.executeCommand(WorkspaceLspService.scala:880)
	at scala.meta.metals.lsp.DelegatingScalaService.executeCommand(DelegatingScalaService.scala:169)
	at java.base/jdk.internal.reflect.NativeMethodAccessorImpl.invoke0(Native Method)
	at java.base/jdk.internal.reflect.NativeMethodAccessorImpl.invoke(NativeMethodAccessorImpl.java:62)
	at java.base/jdk.internal.reflect.DelegatingMethodAccessorImpl.invoke(DelegatingMethodAccessorImpl.java:43)
	at java.base/java.lang.reflect.Method.invoke(Method.java:566)
	at org.eclipse.lsp4j.jsonrpc.services.GenericEndpoint.lambda$null$0(GenericEndpoint.java:65)
	at org.eclipse.lsp4j.jsonrpc.services.GenericEndpoint.request(GenericEndpoint.java:120)
	at org.eclipse.lsp4j.jsonrpc.RemoteEndpoint.handleRequest(RemoteEndpoint.java:261)
	... 9 more

2023.11.22 20:51:05 INFO  running '/usr/lib/jvm/java-11-openjdk-amd64/bin/java -Djline.terminal=jline.UnsupportedTerminal -Dsbt.log.noformat=true -Dfile.encoding=UTF-8 -jar /tmp/metals6718146476586285802/sbt-launch.jar -Dbloop.export-jar-classifiers=sources bloopInstall'
2023.11.22 20:51:07 ERROR [info] [launcher] getting org.scala-sbt sbt 1.9.7  (this may take some time)...
2023.11.22 20:51:14 WARN  no build target for: /home/ariane/Ariane/Development/Scala-Projects/algorithms/scalatest-example/project/metals.sbt
2023.11.22 20:51:14 INFO  skipping build import with status 'Started'
2023.11.22 20:51:17 INFO  no build target found for /home/ariane/Ariane/Development/Scala-Projects/algorithms/scalatest-example/src/test/scala/CubeCalculatorTest.scala. Using presentation compiler with project's scala-library version: 3.3.1
2023.11.22 20:51:22 INFO  time: code lens generation in 20s
2023.11.22 20:51:22 INFO  time: code lens generation in 13s
2023.11.22 20:51:22 INFO  time: code lens generation in 17s
2023.11.22 20:51:22 INFO  time: code lens generation in 21s
2023.11.22 20:51:28 INFO  [info] welcome to sbt 1.9.7 (Ubuntu Java 11.0.20.1)
2023.11.22 20:51:34 INFO  [info] loading settings for project scalatest-example-build-build from metals.sbt ...
2023.11.22 20:51:36 INFO  [info] loading project definition from /home/ariane/Ariane/Development/Scala-Projects/algorithms/scalatest-example/project/project
2023.11.22 20:51:40 INFO  [info] loading settings for project scalatest-example-build from metals.sbt ...
2023.11.22 20:51:40 INFO  [info] loading project definition from /home/ariane/Ariane/Development/Scala-Projects/algorithms/scalatest-example/project
2023.11.22 20:51:46 INFO  [success] Generated .bloop/scalatest-example-build.json
2023.11.22 20:51:46 INFO  [success] Total time: 6 s, completed Nov 22, 2023, 8:51:47 PM
2023.11.22 20:51:50 INFO  [info] loading settings for project root from build.sbt ...
2023.11.22 20:51:50 INFO  [info] set current project to scalatest-example (in build file:/home/ariane/Ariane/Development/Scala-Projects/algorithms/scalatest-example/)
2023.11.22 20:51:51 INFO  [success] Generated .bloop/root-test.json
2023.11.22 20:51:51 INFO  [success] Generated .bloop/root.json
2023.11.22 20:51:51 INFO  [success] Total time: 1 s, completed Nov 22, 2023, 8:51:51 PM
2023.11.22 20:51:52 INFO  time: ran 'sbt bloopInstall' in 46s
2023.11.22 20:51:52 INFO  Attempting to connect to the build server...
2023.11.22 20:51:52 INFO  Bloop uses /usr/lib/jvm/java-11-openjdk-amd64 defined at /home/ariane/.bloop/bloop.json
2023.11.22 20:51:52 INFO  tracing is disabled for protocol BSP, to enable tracing of incoming and outgoing JSON messages create an empty file at /home/ariane/Ariane/Development/Scala-Projects/algorithms/scalatest-example/.metals/bsp.trace.json or /home/ariane/.cache/metals/bsp.trace.json
2023.11.22 20:51:53 INFO  Attempting to connect to the build server...
2023.11.22 20:51:53 INFO  Bloop uses /usr/lib/jvm/java-11-openjdk-amd64 defined at /home/ariane/.bloop/bloop.json
2023.11.22 20:51:53 INFO  tracing is disabled for protocol BSP, to enable tracing of incoming and outgoing JSON messages create an empty file at /home/ariane/Ariane/Development/Scala-Projects/algorithms/scalatest-example/project/.metals/bsp.trace.json or /home/ariane/.cache/metals/bsp.trace.json
2023.11.22 20:51:53 INFO  time: Connected to build server in 1.42s
2023.11.22 20:51:53 INFO  Connected to Build server: Bloop v1.5.11
2023.11.22 20:51:53 INFO  time: Imported build in 0.12s
2023.11.22 20:52:00 INFO  time: indexed workspace in 6.78s
2023.11.22 20:52:00 INFO  compiling root (1 scala source)
2023.11.22 20:52:04 INFO  time: compiled root in 3.37s
2023.11.22 20:52:04 INFO  compiling root-test (1 scala source)
2023.11.22 20:52:04 INFO  time: compiled root-test in 3ms
2023.11.22 20:52:05 INFO  tracing is disabled for protocol dap-server, to enable tracing of incoming and outgoing JSON messages create an empty file at /home/ariane/Ariane/Development/Scala-Projects/algorithms/scalatest-example/.metals/dap-server.trace.json or /home/ariane/.cache/metals/dap-server.trace.json
2023.11.22 20:52:07 INFO  tracing is disabled for protocol dap-client, to enable tracing of incoming and outgoing JSON messages create an empty file at /home/ariane/Ariane/Development/Scala-Projects/algorithms/scalatest-example/.metals/dap-client.trace.json or /home/ariane/.cache/metals/dap-client.trace.json
2023.11.22 20:52:07 INFO  Starting debug proxy for [CubeCalculatorTest]
2023.11.22 20:52:08 INFO  Loaded expression compiler in 919 milliseconds
2023.11.22 20:52:14 INFO  Loaded all sources and classes in 5 seconds
2023.11.22 20:52:14 INFO  Trying to attach to remote debuggee VM localhost:48255 .
2023.11.22 20:52:14 INFO  Attaching to debuggee VM succeeded.
2023.11.22 20:52:17 INFO  Canceling debug proxy for [CubeCalculatorTest]
2023.11.22 20:52:17 INFO  Closing debug server tcp://0.0.0.0:44465
2023.11.22 20:52:20 INFO  tracing is disabled for protocol dap-server, to enable tracing of incoming and outgoing JSON messages create an empty file at /home/ariane/Ariane/Development/Scala-Projects/algorithms/scalatest-example/.metals/dap-server.trace.json or /home/ariane/.cache/metals/dap-server.trace.json
2023.11.22 20:52:20 INFO  tracing is disabled for protocol dap-client, to enable tracing of incoming and outgoing JSON messages create an empty file at /home/ariane/Ariane/Development/Scala-Projects/algorithms/scalatest-example/.metals/dap-client.trace.json or /home/ariane/.cache/metals/dap-client.trace.json
2023.11.22 20:52:21 INFO  Starting debug proxy for [CubeCalculatorTest(CubeCalculator.cube)]
2023.11.22 20:52:21 INFO  Trying to attach to remote debuggee VM localhost:46327 .
2023.11.22 20:52:21 INFO  Attaching to debuggee VM succeeded.
2023.11.22 20:52:23 INFO  Canceling debug proxy for [CubeCalculatorTest(CubeCalculator.cube)]
2023.11.22 20:52:23 INFO  Closing debug server tcp://0.0.0.0:43461
2023.11.22 20:52:26 INFO  Deduplicating compilation of root-test from bsp client 'Metals 1.1.0' (since 34.019s)
2023.11.22 20:52:26 INFO  tracing is disabled for protocol dap-server, to enable tracing of incoming and outgoing JSON messages create an empty file at /home/ariane/Ariane/Development/Scala-Projects/algorithms/scalatest-example/.metals/dap-server.trace.json or /home/ariane/.cache/metals/dap-server.trace.json
2023.11.22 20:52:26 INFO  tracing is disabled for protocol dap-client, to enable tracing of incoming and outgoing JSON messages create an empty file at /home/ariane/Ariane/Development/Scala-Projects/algorithms/scalatest-example/.metals/dap-client.trace.json or /home/ariane/.cache/metals/dap-client.trace.json
2023.11.22 20:52:27 INFO  Starting debug proxy for [CubeCalculatorTest]
2023.11.22 20:52:27 INFO  Loaded expression compiler in 2 milliseconds
2023.11.22 20:52:30 INFO  Loaded all sources and classes in 2 seconds
2023.11.22 20:52:30 INFO  Trying to attach to remote debuggee VM localhost:44891 .
2023.11.22 20:52:30 INFO  Attaching to debuggee VM succeeded.
2023.11.22 20:52:31 INFO  Closing debug server tcp://0.0.0.0:36929
2023.11.22 20:52:31 INFO  Canceling debug proxy for [CubeCalculatorTest]
2023.11.22 20:53:01 INFO  compiling root (1 scala source)
2023.11.22 20:53:02 INFO  time: compiled root in 1.85s
2023.11.22 20:53:06 ERROR Failed to tokenize input for semantic tokens for /home/ariane/Ariane/Development/Scala-Projects/algorithms/scalatest-example/src/main/scala/Search.scala
scala.meta.tokenizers.TokenizeException: <input>:1: error: Invalid literal number
819eaf872d6f048cf77677e0b53ebdf7d729caf4
^
	at scala.meta.internal.tokenizers.Reporter.syntaxError(Reporter.scala:23)
	at scala.meta.internal.tokenizers.Reporter.syntaxError$(Reporter.scala:23)
	at scala.meta.internal.tokenizers.Reporter$$anon$1.syntaxError(Reporter.scala:33)
	at scala.meta.internal.tokenizers.Reporter.syntaxError(Reporter.scala:25)
	at scala.meta.internal.tokenizers.Reporter.syntaxError$(Reporter.scala:25)
	at scala.meta.internal.tokenizers.Reporter$$anon$1.syntaxError(Reporter.scala:33)
	at scala.meta.internal.tokenizers.LegacyScanner.checkNoLetter(LegacyScanner.scala:820)
	at scala.meta.internal.tokenizers.LegacyScanner.getFraction(LegacyScanner.scala:814)
	at scala.meta.internal.tokenizers.LegacyScanner.restOfUncertainToken$1(LegacyScanner.scala:851)
	at scala.meta.internal.tokenizers.LegacyScanner.getNumber(LegacyScanner.scala:872)
	at scala.meta.internal.tokenizers.LegacyScanner.fetchToken(LegacyScanner.scala:335)
	at scala.meta.internal.tokenizers.LegacyScanner.nextToken(LegacyScanner.scala:211)
	at scala.meta.internal.tokenizers.LegacyScanner.foreach(LegacyScanner.scala:1011)
	at scala.meta.internal.tokenizers.ScalametaTokenizer.uncachedTokenize(ScalametaTokenizer.scala:24)
	at scala.meta.internal.tokenizers.ScalametaTokenizer.$anonfun$tokenize$1(ScalametaTokenizer.scala:17)
	at scala.collection.concurrent.TrieMap.getOrElseUpdate(TrieMap.scala:962)
	at scala.meta.internal.tokenizers.ScalametaTokenizer.tokenize(ScalametaTokenizer.scala:17)
	at scala.meta.internal.tokenizers.ScalametaTokenizer$$anon$2.apply(ScalametaTokenizer.scala:332)
	at scala.meta.tokenizers.Api$XtensionTokenizeDialectInput.tokenize(Api.scala:25)
	at scala.meta.tokenizers.Api$XtensionTokenizeInputLike.tokenize(Api.scala:14)
	at scala.meta.internal.metals.SemanticTokensProvider$.getTokens(SemanticTokensProvider.scala:30)
	at scala.meta.internal.metals.SemanticTokensProvider$.provide(SemanticTokensProvider.scala:89)
	at scala.meta.internal.metals.Compilers.$anonfun$semanticTokens$3(Compilers.scala:539)
	at scala.concurrent.impl.Promise$Transformation.run(Promise.scala:467)
	at java.util.concurrent.ThreadPoolExecutor.runWorker(ThreadPoolExecutor.java:1128)
	at java.util.concurrent.ThreadPoolExecutor$Worker.run(ThreadPoolExecutor.java:628)
	at java.lang.Thread.run(Thread.java:829)

2023.11.22 20:53:10 ERROR Failed to tokenize input for semantic tokens for /home/ariane/Ariane/Development/Scala-Projects/algorithms/scalatest-example/src/main/scala/Search.scala
scala.meta.tokenizers.TokenizeException: <input>:1: error: Invalid literal number
819eaf872d6f048cf77677e0b53ebdf7d729caf4
^
	at scala.meta.internal.tokenizers.Reporter.syntaxError(Reporter.scala:23)
	at scala.meta.internal.tokenizers.Reporter.syntaxError$(Reporter.scala:23)
	at scala.meta.internal.tokenizers.Reporter$$anon$1.syntaxError(Reporter.scala:33)
	at scala.meta.internal.tokenizers.Reporter.syntaxError(Reporter.scala:25)
	at scala.meta.internal.tokenizers.Reporter.syntaxError$(Reporter.scala:25)
	at scala.meta.internal.tokenizers.Reporter$$anon$1.syntaxError(Reporter.scala:33)
	at scala.meta.internal.tokenizers.LegacyScanner.checkNoLetter(LegacyScanner.scala:820)
	at scala.meta.internal.tokenizers.LegacyScanner.getFraction(LegacyScanner.scala:814)
	at scala.meta.internal.tokenizers.LegacyScanner.restOfUncertainToken$1(LegacyScanner.scala:851)
	at scala.meta.internal.tokenizers.LegacyScanner.getNumber(LegacyScanner.scala:872)
	at scala.meta.internal.tokenizers.LegacyScanner.fetchToken(LegacyScanner.scala:335)
	at scala.meta.internal.tokenizers.LegacyScanner.nextToken(LegacyScanner.scala:211)
	at scala.meta.internal.tokenizers.LegacyScanner.foreach(LegacyScanner.scala:1011)
	at scala.meta.internal.tokenizers.ScalametaTokenizer.uncachedTokenize(ScalametaTokenizer.scala:24)
	at scala.meta.internal.tokenizers.ScalametaTokenizer.$anonfun$tokenize$1(ScalametaTokenizer.scala:17)
	at scala.collection.concurrent.TrieMap.getOrElseUpdate(TrieMap.scala:962)
	at scala.meta.internal.tokenizers.ScalametaTokenizer.tokenize(ScalametaTokenizer.scala:17)
	at scala.meta.internal.tokenizers.ScalametaTokenizer$$anon$2.apply(ScalametaTokenizer.scala:332)
	at scala.meta.tokenizers.Api$XtensionTokenizeDialectInput.tokenize(Api.scala:25)
	at scala.meta.tokenizers.Api$XtensionTokenizeInputLike.tokenize(Api.scala:14)
	at scala.meta.internal.metals.SemanticTokensProvider$.getTokens(SemanticTokensProvider.scala:30)
	at scala.meta.internal.metals.SemanticTokensProvider$.provide(SemanticTokensProvider.scala:89)
	at scala.meta.internal.metals.Compilers.$anonfun$semanticTokens$3(Compilers.scala:539)
	at scala.concurrent.impl.Promise$Transformation.run(Promise.scala:467)
	at java.util.concurrent.ThreadPoolExecutor.runWorker(ThreadPoolExecutor.java:1128)
	at java.util.concurrent.ThreadPoolExecutor$Worker.run(ThreadPoolExecutor.java:628)
	at java.lang.Thread.run(Thread.java:829)

Exception in thread "pool-7-thread-1" java.lang.InterruptedException
	at scala.meta.internal.metals.FutureCancelToken.checkCanceled(FutureCancelToken.scala:29)
	at scala.meta.internal.pc.CompilerAccess.$anonfun$onCompilerJobQueue$1(CompilerAccess.scala:230)
	at scala.meta.internal.pc.CompilerJobQueue$Job.run(CompilerJobQueue.scala:152)
	at java.base/java.util.concurrent.ThreadPoolExecutor.runWorker(ThreadPoolExecutor.java:1128)
	at java.base/java.util.concurrent.ThreadPoolExecutor$Worker.run(ThreadPoolExecutor.java:628)
	at java.base/java.lang.Thread.run(Thread.java:829)
Nov 22, 2023 8:53:17 PM org.eclipse.lsp4j.jsonrpc.RemoteEndpoint handleCancellation
WARNING: Unmatched cancel notification for request id 70
Nov 22, 2023 8:53:17 PM org.eclipse.lsp4j.jsonrpc.RemoteEndpoint handleCancellation
WARNING: Unmatched cancel notification for request id 72
2023.11.22 20:53:17 INFO  compiling root (1 scala source)
Nov 22, 2023 8:53:18 PM org.eclipse.lsp4j.jsonrpc.RemoteEndpoint handleCancellation
WARNING: Unmatched cancel notification for request id 76
2023.11.22 20:53:20 INFO  time: compiled root in 3.01s
2023.11.22 20:53:20 INFO  compiling root-test (1 scala source)
2023.11.22 20:53:20 INFO  time: compiled root-test in 0.44s
2023.11.22 20:53:25 INFO  compiling root-test (1 scala source)
2023.11.22 20:53:25 INFO  time: compiled root-test in 0.22s
2023.11.22 20:53:25 INFO  compiling root-test (1 scala source)
2023.11.22 20:53:25 INFO  time: compiled root-test in 0.26s
2023.11.22 20:53:25 INFO  compiling root-test (1 scala source)
2023.11.22 20:53:26 INFO  time: compiled root-test in 0.39s
Nov 22, 2023 8:53:54 PM org.eclipse.lsp4j.jsonrpc.RemoteEndpoint handleCancellation
WARNING: Unmatched cancel notification for request id 106
Nov 22, 2023 8:54:00 PM org.eclipse.lsp4j.jsonrpc.RemoteEndpoint fallbackResponseError
SEVERE: Internal error: scala.meta.internal.metals.debug.DebugProvider$WorkspaceErrorsException$: Cannot run class, since the workspace has errors.
java.util.concurrent.CompletionException: scala.meta.internal.metals.debug.DebugProvider$WorkspaceErrorsException$: Cannot run class, since the workspace has errors.
	at java.base/java.util.concurrent.CompletableFuture.encodeThrowable(CompletableFuture.java:331)
	at java.base/java.util.concurrent.CompletableFuture.uniAcceptNow(CompletableFuture.java:743)
	at java.base/java.util.concurrent.CompletableFuture.uniAcceptStage(CompletableFuture.java:731)
	at java.base/java.util.concurrent.CompletableFuture.thenAcceptAsync(CompletableFuture.java:2112)
	at scala.concurrent.java8.FuturesConvertersImpl$CF.thenAccept(FutureConvertersImpl.scala:37)
	at org.eclipse.lsp4j.jsonrpc.RemoteEndpoint.handleRequest(RemoteEndpoint.java:279)
	at org.eclipse.lsp4j.jsonrpc.RemoteEndpoint.consume(RemoteEndpoint.java:190)
	at org.eclipse.lsp4j.jsonrpc.json.StreamMessageProducer.handleMessage(StreamMessageProducer.java:194)
	at org.eclipse.lsp4j.jsonrpc.json.StreamMessageProducer.listen(StreamMessageProducer.java:94)
	at org.eclipse.lsp4j.jsonrpc.json.ConcurrentMessageProcessor.run(ConcurrentMessageProcessor.java:113)
	at java.base/java.util.concurrent.Executors$RunnableAdapter.call(Executors.java:515)
	at java.base/java.util.concurrent.FutureTask.run(FutureTask.java:264)
	at java.base/java.util.concurrent.ThreadPoolExecutor.runWorker(ThreadPoolExecutor.java:1128)
	at java.base/java.util.concurrent.ThreadPoolExecutor$Worker.run(ThreadPoolExecutor.java:628)
	at java.base/java.lang.Thread.run(Thread.java:829)
Caused by: scala.meta.internal.metals.debug.DebugProvider$WorkspaceErrorsException$: Cannot run class, since the workspace has errors.
	at scala.meta.internal.metals.debug.DebugProvider$WorkspaceErrorsException$.<clinit>(DebugProvider.scala:925)
	at scala.meta.internal.metals.debug.DebugProvider.debugDiscovery(DebugProvider.scala:467)
	at scala.meta.internal.metals.MetalsLspService.debugDiscovery(MetalsLspService.scala:1857)
	at scala.meta.internal.metals.WorkspaceLspService.executeCommand(WorkspaceLspService.scala:880)
	at scala.meta.metals.lsp.DelegatingScalaService.executeCommand(DelegatingScalaService.scala:169)
	at java.base/jdk.internal.reflect.NativeMethodAccessorImpl.invoke0(Native Method)
	at java.base/jdk.internal.reflect.NativeMethodAccessorImpl.invoke(NativeMethodAccessorImpl.java:62)
	at java.base/jdk.internal.reflect.DelegatingMethodAccessorImpl.invoke(DelegatingMethodAccessorImpl.java:43)
	at java.base/java.lang.reflect.Method.invoke(Method.java:566)
	at org.eclipse.lsp4j.jsonrpc.services.GenericEndpoint.lambda$null$0(GenericEndpoint.java:65)
	at org.eclipse.lsp4j.jsonrpc.services.GenericEndpoint.request(GenericEndpoint.java:120)
	at org.eclipse.lsp4j.jsonrpc.RemoteEndpoint.handleRequest(RemoteEndpoint.java:261)
	... 9 more

2023.11.22 20:54:31 INFO  compiling root-test (1 scala source)
2023.11.22 20:54:34 INFO  time: compiled root-test in 3.72s
2023.11.22 20:54:35 INFO  tracing is disabled for protocol dap-server, to enable tracing of incoming and outgoing JSON messages create an empty file at /home/ariane/Ariane/Development/Scala-Projects/algorithms/scalatest-example/.metals/dap-server.trace.json or /home/ariane/.cache/metals/dap-server.trace.json
2023.11.22 20:54:36 INFO  tracing is disabled for protocol dap-client, to enable tracing of incoming and outgoing JSON messages create an empty file at /home/ariane/Ariane/Development/Scala-Projects/algorithms/scalatest-example/.metals/dap-client.trace.json or /home/ariane/.cache/metals/dap-client.trace.json
2023.11.22 20:54:36 INFO  Starting debug proxy for [CubeCalculatorTest()]
2023.11.22 20:54:36 INFO  Trying to attach to remote debuggee VM localhost:41797 .
2023.11.22 20:54:36 INFO  Attaching to debuggee VM succeeded.
2023.11.22 20:54:36 INFO  Closing debug server tcp://0.0.0.0:40413
2023.11.22 20:54:36 INFO  Canceling debug proxy for [CubeCalculatorTest()]
Nov 22, 2023 8:55:19 PM org.eclipse.lsp4j.jsonrpc.services.GenericEndpoint notify
INFO: Unsupported notification method: $/setTrace
2023.11.22 20:55:34 INFO  Shutting down server
2023.11.22 20:55:34 INFO  shutting down Metals
2023.11.22 20:55:34 INFO  Shut down connection with build server.
2023.11.22 20:55:34 INFO  Shut down connection with build server.
2023.11.22 20:55:34 INFO  Exiting server
2023.11.22 20:56:12 INFO  Started: Metals version 1.1.0 in folders '/home/ariane/Ariane/Development/Scala-Projects/algorithms/puzzles' for client Visual Studio Code 1.84.2.
2023.11.22 20:56:20 INFO  Attempting to connect to the build server...
2023.11.22 20:56:20 INFO  Bloop uses /usr/lib/jvm/java-11-openjdk-amd64 defined at /home/ariane/.bloop/bloop.json
2023.11.22 20:56:22 INFO  tracing is disabled for protocol BSP, to enable tracing of incoming and outgoing JSON messages create an empty file at /home/ariane/Ariane/Development/Scala-Projects/algorithms/puzzles/.metals/bsp.trace.json or /home/ariane/.cache/metals/bsp.trace.json
2023.11.22 20:56:22 INFO  Attempting to connect to the build server...
2023.11.22 20:56:22 INFO  Bloop uses /usr/lib/jvm/java-11-openjdk-amd64 defined at /home/ariane/.bloop/bloop.json
2023.11.22 20:56:22 INFO  tracing is disabled for protocol BSP, to enable tracing of incoming and outgoing JSON messages create an empty file at /home/ariane/Ariane/Development/Scala-Projects/algorithms/puzzles/project/.metals/bsp.trace.json or /home/ariane/.cache/metals/bsp.trace.json
2023.11.22 20:56:22 INFO  time: Connected to build server in 1.81s
2023.11.22 20:56:22 INFO  Connected to Build server: Bloop v1.5.11
2023.11.22 20:56:22 INFO  time: Imported build in 0.18s
2023.11.22 20:56:27 INFO  running '/usr/lib/jvm/java-11-openjdk-amd64/bin/java -Djline.terminal=jline.UnsupportedTerminal -Dsbt.log.noformat=true -Dfile.encoding=UTF-8 -jar /tmp/metals7758710775656780139/sbt-launch.jar -Dbloop.export-jar-classifiers=sources bloopInstall'
2023.11.22 20:56:37 INFO  [info] welcome to sbt 1.9.7 (Ubuntu Java 11.0.20.1)
2023.11.22 20:56:40 INFO  no build target found for /home/ariane/Ariane/Development/Scala-Projects/algorithms/puzzles/src/test/scala/SearchSpec.scala. Using presentation compiler with project's scala-library version: 2.13.6
2023.11.22 20:56:40 INFO  time: indexed workspace in 17s
2023.11.22 20:56:40 WARN  no build target for: /home/ariane/Ariane/Development/Scala-Projects/algorithms/puzzles/src/test/scala/SearchSpec.scala
2023.11.22 20:56:41 WARN  no build target for: /home/ariane/Ariane/Development/Scala-Projects/algorithms/puzzles/src/test/scala/SearchSpec.scala
2023.11.22 20:56:51 INFO  [info] loading settings for project puzzles-build-build from metals.sbt ...
2023.11.22 20:56:52 INFO  time: code lens generation in 10s
2023.11.22 20:56:52 INFO  time: code lens generation in 10s
2023.11.22 20:56:52 INFO  time: code lens generation in 10s
2023.11.22 20:56:54 INFO  [info] loading project definition from /home/ariane/Ariane/Development/Scala-Projects/algorithms/puzzles/project/project
2023.11.22 20:57:00 INFO  [info] loading settings for project puzzles-build from metals.sbt ...
2023.11.22 20:57:00 INFO  [info] loading project definition from /home/ariane/Ariane/Development/Scala-Projects/algorithms/puzzles/project
2023.11.22 20:57:06 INFO  [success] Generated .bloop/puzzles-build.json
2023.11.22 20:57:06 INFO  [warn] Removed stale /home/ariane/Ariane/Development/Scala-Projects/algorithms/puzzles/project/.bloop/scalatest-example-build.json
2023.11.22 20:57:06 INFO  [success] Total time: 6 s, completed Nov 22, 2023, 8:57:07 PM
2023.11.22 20:57:10 INFO  [info] loading settings for project root from build.sbt ...
2023.11.22 20:57:10 INFO  [info] set current project to scalatest-example (in build file:/home/ariane/Ariane/Development/Scala-Projects/algorithms/puzzles/)
2023.11.22 20:57:11 INFO  [success] Generated .bloop/root-test.json
2023.11.22 20:57:11 INFO  [success] Generated .bloop/root.json
2023.11.22 20:57:11 INFO  [success] Total time: 1 s, completed Nov 22, 2023, 8:57:11 PM
2023.11.22 20:57:11 INFO  time: ran 'sbt bloopInstall' in 44s
2023.11.22 20:57:11 INFO  Disconnecting from Bloop session...
2023.11.22 20:57:11 INFO  Shut down connection with build server.
2023.11.22 20:57:11 INFO  Shut down connection with build server.
2023.11.22 20:57:11 INFO  Attempting to connect to the build server...
2023.11.22 20:57:11 INFO  Bloop uses /usr/lib/jvm/java-11-openjdk-amd64 defined at /home/ariane/.bloop/bloop.json
2023.11.22 20:57:11 INFO  tracing is disabled for protocol BSP, to enable tracing of incoming and outgoing JSON messages create an empty file at /home/ariane/Ariane/Development/Scala-Projects/algorithms/puzzles/.metals/bsp.trace.json or /home/ariane/.cache/metals/bsp.trace.json
2023.11.22 20:57:11 INFO  Attempting to connect to the build server...
2023.11.22 20:57:11 INFO  Bloop uses /usr/lib/jvm/java-11-openjdk-amd64 defined at /home/ariane/.bloop/bloop.json
2023.11.22 20:57:11 INFO  tracing is disabled for protocol BSP, to enable tracing of incoming and outgoing JSON messages create an empty file at /home/ariane/Ariane/Development/Scala-Projects/algorithms/puzzles/project/.metals/bsp.trace.json or /home/ariane/.cache/metals/bsp.trace.json
2023.11.22 20:57:12 INFO  time: Connected to build server in 0.8s
2023.11.22 20:57:11 INFO  Connected to Build server: Bloop v1.5.11
2023.11.22 20:57:14 INFO  time: indexed workspace in 2.14s
2023.11.22 20:57:14 INFO  compiling root (1 scala source)
2023.11.22 20:57:16 INFO  compiling root-test (1 scala source)
2023.11.22 20:57:18 INFO  time: compiled root in 4.21s
2023.11.22 20:57:18 INFO  time: compiled root-test in 2.54s
Nov 22, 2023 8:57:19 PM org.eclipse.lsp4j.jsonrpc.RemoteEndpoint fallbackResponseError
SEVERE: Internal error: scala.meta.internal.metals.debug.DebugProvider$NoRunOptionException$: There is nothing to run or test in the current file.
java.util.concurrent.CompletionException: scala.meta.internal.metals.debug.DebugProvider$NoRunOptionException$: There is nothing to run or test in the current file.
	at java.base/java.util.concurrent.CompletableFuture.encodeThrowable(CompletableFuture.java:331)
	at java.base/java.util.concurrent.CompletableFuture.uniAcceptNow(CompletableFuture.java:743)
	at java.base/java.util.concurrent.CompletableFuture.uniAcceptStage(CompletableFuture.java:731)
	at java.base/java.util.concurrent.CompletableFuture.thenAcceptAsync(CompletableFuture.java:2112)
	at scala.concurrent.java8.FuturesConvertersImpl$CF.thenAccept(FutureConvertersImpl.scala:37)
	at org.eclipse.lsp4j.jsonrpc.RemoteEndpoint.handleRequest(RemoteEndpoint.java:279)
	at org.eclipse.lsp4j.jsonrpc.RemoteEndpoint.consume(RemoteEndpoint.java:190)
	at org.eclipse.lsp4j.jsonrpc.json.StreamMessageProducer.handleMessage(StreamMessageProducer.java:194)
	at org.eclipse.lsp4j.jsonrpc.json.StreamMessageProducer.listen(StreamMessageProducer.java:94)
	at org.eclipse.lsp4j.jsonrpc.json.ConcurrentMessageProcessor.run(ConcurrentMessageProcessor.java:113)
	at java.base/java.util.concurrent.Executors$RunnableAdapter.call(Executors.java:515)
	at java.base/java.util.concurrent.FutureTask.run(FutureTask.java:264)
	at java.base/java.util.concurrent.ThreadPoolExecutor.runWorker(ThreadPoolExecutor.java:1128)
	at java.base/java.util.concurrent.ThreadPoolExecutor$Worker.run(ThreadPoolExecutor.java:628)
	at java.base/java.lang.Thread.run(Thread.java:829)
Caused by: scala.meta.internal.metals.debug.DebugProvider$NoRunOptionException$: There is nothing to run or test in the current file.
	at scala.meta.internal.metals.debug.DebugProvider$NoRunOptionException$.<clinit>(DebugProvider.scala:929)
	at scala.meta.internal.metals.debug.DebugProvider.$anonfun$resolveInFile$2(DebugProvider.scala:370)
	at scala.Option.fold(Option.scala:263)
	at scala.meta.internal.metals.debug.DebugProvider.resolveInFile(DebugProvider.scala:341)
	at scala.meta.internal.metals.debug.DebugProvider.debugDiscovery(DebugProvider.scala:475)
	at scala.meta.internal.metals.MetalsLspService.debugDiscovery(MetalsLspService.scala:1857)
	at scala.meta.internal.metals.WorkspaceLspService.executeCommand(WorkspaceLspService.scala:880)
	at scala.meta.metals.lsp.DelegatingScalaService.executeCommand(DelegatingScalaService.scala:169)
	at java.base/jdk.internal.reflect.NativeMethodAccessorImpl.invoke0(Native Method)
	at java.base/jdk.internal.reflect.NativeMethodAccessorImpl.invoke(NativeMethodAccessorImpl.java:62)
	at java.base/jdk.internal.reflect.DelegatingMethodAccessorImpl.invoke(DelegatingMethodAccessorImpl.java:43)
	at java.base/java.lang.reflect.Method.invoke(Method.java:566)
	at org.eclipse.lsp4j.jsonrpc.services.GenericEndpoint.lambda$null$0(GenericEndpoint.java:65)
	at org.eclipse.lsp4j.jsonrpc.services.GenericEndpoint.request(GenericEndpoint.java:120)
	at org.eclipse.lsp4j.jsonrpc.RemoteEndpoint.handleRequest(RemoteEndpoint.java:261)
	... 9 more

2023.11.22 20:57:23 INFO  tracing is disabled for protocol dap-server, to enable tracing of incoming and outgoing JSON messages create an empty file at /home/ariane/Ariane/Development/Scala-Projects/algorithms/puzzles/.metals/dap-server.trace.json or /home/ariane/.cache/metals/dap-server.trace.json
2023.11.22 20:57:24 INFO  tracing is disabled for protocol dap-client, to enable tracing of incoming and outgoing JSON messages create an empty file at /home/ariane/Ariane/Development/Scala-Projects/algorithms/puzzles/.metals/dap-client.trace.json or /home/ariane/.cache/metals/dap-client.trace.json
2023.11.22 20:57:24 INFO  Starting debug proxy for [SearchSpec()]
2023.11.22 20:57:24 INFO  Trying to attach to remote debuggee VM localhost:48981 .
2023.11.22 20:57:24 INFO  Attaching to debuggee VM succeeded.
2023.11.22 20:57:28 INFO  Canceling debug proxy for [SearchSpec()]
2023.11.22 20:57:28 INFO  Closing debug server tcp://0.0.0.0:39359
2023.11.22 20:57:38 INFO  compiling root (1 scala source)
2023.11.22 20:57:40 INFO  time: compiled root in 2.41s
2023.11.22 20:57:48 INFO  compiling root (2 scala sources)
2023.11.22 20:57:48 INFO  time: compiled root in 0.44s
2023.11.22 20:57:48 INFO  compiling root (2 scala sources)
2023.11.22 20:57:48 INFO  time: compiled root in 0.36s
2023.11.22 20:57:50 INFO  compiling root (2 scala sources)
2023.11.22 20:57:50 INFO  time: compiled root in 0.18s
2023.11.22 20:57:51 INFO  compiling root (2 scala sources)
2023.11.22 20:57:51 INFO  time: compiled root in 0.15s
2023.11.22 20:57:51 INFO  compiling root (2 scala sources)
2023.11.22 20:57:51 INFO  time: compiled root in 0.12s
2023.11.22 20:57:59 INFO  compiling root (2 scala sources)
2023.11.22 20:57:59 INFO  time: compiled root in 0.19s
2023.11.22 20:57:59 INFO  compiling root (2 scala sources)
2023.11.22 20:57:59 INFO  time: compiled root in 0.18s
2023.11.22 20:58:14 INFO  compiling root (2 scala sources)
Nov 22, 2023 8:58:16 PM org.eclipse.lsp4j.jsonrpc.RemoteEndpoint handleCancellation
WARNING: Unmatched cancel notification for request id 134
2023.11.22 20:58:16 INFO  time: compiled root in 2.15s
2023.11.22 20:58:16 INFO  compiling root-test (1 scala source)
2023.11.22 20:58:18 INFO  time: compiled root-test in 1.58s
2023.11.22 20:58:18 INFO  tracing is disabled for protocol dap-server, to enable tracing of incoming and outgoing JSON messages create an empty file at /home/ariane/Ariane/Development/Scala-Projects/algorithms/puzzles/.metals/dap-server.trace.json or /home/ariane/.cache/metals/dap-server.trace.json
2023.11.22 20:58:18 INFO  tracing is disabled for protocol dap-client, to enable tracing of incoming and outgoing JSON messages create an empty file at /home/ariane/Ariane/Development/Scala-Projects/algorithms/puzzles/.metals/dap-client.trace.json or /home/ariane/.cache/metals/dap-client.trace.json
2023.11.22 20:58:19 INFO  Starting debug proxy for [SearchSpec]
2023.11.22 20:58:19 INFO  Loaded expression compiler in 1 millisecond
2023.11.22 20:58:20 INFO  Loaded all sources and classes in 1 second
2023.11.22 20:58:20 INFO  Trying to attach to remote debuggee VM localhost:57235 .
2023.11.22 20:58:20 INFO  Attaching to debuggee VM succeeded.
2023.11.22 20:58:21 INFO  Canceling debug proxy for [SearchSpec]
2023.11.22 20:58:21 INFO  Closing debug server tcp://0.0.0.0:32873
Nov 22, 2023 8:58:21 PM org.eclipse.lsp4j.jsonrpc.json.StreamMessageProducer fireError
SEVERE: java.net.SocketException: Socket closed
org.eclipse.lsp4j.jsonrpc.JsonRpcException: java.net.SocketException: Socket closed
	at org.eclipse.lsp4j.jsonrpc.json.StreamMessageConsumer.consume(StreamMessageConsumer.java:72)
	at scala.meta.internal.metals.debug.SocketEndpoint.consume(SocketEndpoint.scala:22)
	at scala.meta.internal.metals.debug.MessageIdAdapter.consume(MessageIdAdapter.scala:43)
	at scala.meta.internal.metals.debug.ServerAdapter.send(ServerAdapter.scala:30)
	at scala.meta.internal.metals.debug.DebugProxy.$anonfun$handleClientMessage$1(DebugProxy.scala:158)
	at scala.meta.internal.metals.debug.MessageIdAdapter.$anonfun$listen$1(MessageIdAdapter.scala:57)
	at org.eclipse.lsp4j.jsonrpc.json.StreamMessageProducer.handleMessage(StreamMessageProducer.java:194)
	at org.eclipse.lsp4j.jsonrpc.json.StreamMessageProducer.listen(StreamMessageProducer.java:94)
	at scala.meta.internal.metals.debug.SocketEndpoint.listen(SocketEndpoint.scala:26)
	at scala.meta.internal.metals.debug.MessageIdAdapter.listen(MessageIdAdapter.scala:47)
	at scala.meta.internal.metals.debug.DebugProxy.$anonfun$listenToClient$1(DebugProxy.scala:69)
	at scala.runtime.java8.JFunction0$mcV$sp.apply(JFunction0$mcV$sp.scala:18)
	at scala.concurrent.Future$.$anonfun$apply$1(Future.scala:687)
	at scala.concurrent.impl.Promise$Transformation.run(Promise.scala:467)
	at java.base/java.util.concurrent.ThreadPoolExecutor.runWorker(ThreadPoolExecutor.java:1128)
	at java.base/java.util.concurrent.ThreadPoolExecutor$Worker.run(ThreadPoolExecutor.java:628)
	at java.base/java.lang.Thread.run(Thread.java:829)
Caused by: java.net.SocketException: Socket closed
	at java.base/java.net.SocketOutputStream.socketWrite(SocketOutputStream.java:113)
	at java.base/java.net.SocketOutputStream.write(SocketOutputStream.java:150)
	at java.base/java.io.BufferedOutputStream.flushBuffer(BufferedOutputStream.java:81)
	at java.base/java.io.BufferedOutputStream.flush(BufferedOutputStream.java:142)
	at org.eclipse.lsp4j.jsonrpc.json.StreamMessageConsumer.consume(StreamMessageConsumer.java:69)
	... 16 more

2023.11.22 20:58:28 INFO  Deduplicating compilation of root from bsp client 'Metals 1.1.0' (since 1m 15.855s)
2023.11.22 20:58:28 INFO  tracing is disabled for protocol dap-server, to enable tracing of incoming and outgoing JSON messages create an empty file at /home/ariane/Ariane/Development/Scala-Projects/algorithms/puzzles/.metals/dap-server.trace.json or /home/ariane/.cache/metals/dap-server.trace.json
2023.11.22 20:58:28 INFO  tracing is disabled for protocol dap-client, to enable tracing of incoming and outgoing JSON messages create an empty file at /home/ariane/Ariane/Development/Scala-Projects/algorithms/puzzles/.metals/dap-client.trace.json or /home/ariane/.cache/metals/dap-client.trace.json
2023.11.22 20:58:28 INFO  Starting debug proxy for [SearchSpec]
2023.11.22 20:58:28 INFO  Loaded expression compiler in 1 millisecond
2023.11.22 20:58:30 INFO  Loaded all sources and classes in 1 second
2023.11.22 20:58:30 INFO  Trying to attach to remote debuggee VM localhost:39387 .
2023.11.22 20:58:30 INFO  Attaching to debuggee VM succeeded.
2023.11.22 20:58:31 INFO  Closing debug server tcp://0.0.0.0:35755
2023.11.22 20:58:31 INFO  Canceling debug proxy for [SearchSpec]
Nov 22, 2023 8:58:37 PM org.eclipse.lsp4j.jsonrpc.RemoteEndpoint fallbackResponseError
SEVERE: Internal error: scala.meta.internal.metals.debug.DebugProvider$NoRunOptionException$: There is nothing to run or test in the current file.
java.util.concurrent.CompletionException: scala.meta.internal.metals.debug.DebugProvider$NoRunOptionException$: There is nothing to run or test in the current file.
	at java.base/java.util.concurrent.CompletableFuture.encodeThrowable(CompletableFuture.java:331)
	at java.base/java.util.concurrent.CompletableFuture.uniAcceptNow(CompletableFuture.java:743)
	at java.base/java.util.concurrent.CompletableFuture.uniAcceptStage(CompletableFuture.java:731)
	at java.base/java.util.concurrent.CompletableFuture.thenAcceptAsync(CompletableFuture.java:2112)
	at scala.concurrent.java8.FuturesConvertersImpl$CF.thenAccept(FutureConvertersImpl.scala:37)
	at org.eclipse.lsp4j.jsonrpc.RemoteEndpoint.handleRequest(RemoteEndpoint.java:279)
	at org.eclipse.lsp4j.jsonrpc.RemoteEndpoint.consume(RemoteEndpoint.java:190)
	at org.eclipse.lsp4j.jsonrpc.json.StreamMessageProducer.handleMessage(StreamMessageProducer.java:194)
	at org.eclipse.lsp4j.jsonrpc.json.StreamMessageProducer.listen(StreamMessageProducer.java:94)
	at org.eclipse.lsp4j.jsonrpc.json.ConcurrentMessageProcessor.run(ConcurrentMessageProcessor.java:113)
	at java.base/java.util.concurrent.Executors$RunnableAdapter.call(Executors.java:515)
	at java.base/java.util.concurrent.FutureTask.run(FutureTask.java:264)
	at java.base/java.util.concurrent.ThreadPoolExecutor.runWorker(ThreadPoolExecutor.java:1128)
	at java.base/java.util.concurrent.ThreadPoolExecutor$Worker.run(ThreadPoolExecutor.java:628)
	at java.base/java.lang.Thread.run(Thread.java:829)
Caused by: scala.meta.internal.metals.debug.DebugProvider$NoRunOptionException$: There is nothing to run or test in the current file.
	at scala.meta.internal.metals.debug.DebugProvider$NoRunOptionException$.<clinit>(DebugProvider.scala:929)
	at scala.meta.internal.metals.debug.DebugProvider.$anonfun$resolveInFile$2(DebugProvider.scala:370)
	at scala.Option.fold(Option.scala:263)
	at scala.meta.internal.metals.debug.DebugProvider.resolveInFile(DebugProvider.scala:341)
	at scala.meta.internal.metals.debug.DebugProvider.debugDiscovery(DebugProvider.scala:475)
	at scala.meta.internal.metals.MetalsLspService.debugDiscovery(MetalsLspService.scala:1857)
	at scala.meta.internal.metals.WorkspaceLspService.executeCommand(WorkspaceLspService.scala:880)
	at scala.meta.metals.lsp.DelegatingScalaService.executeCommand(DelegatingScalaService.scala:169)
	at java.base/jdk.internal.reflect.NativeMethodAccessorImpl.invoke0(Native Method)
	at java.base/jdk.internal.reflect.NativeMethodAccessorImpl.invoke(NativeMethodAccessorImpl.java:62)
	at java.base/jdk.internal.reflect.DelegatingMethodAccessorImpl.invoke(DelegatingMethodAccessorImpl.java:43)
	at java.base/java.lang.reflect.Method.invoke(Method.java:566)
	at org.eclipse.lsp4j.jsonrpc.services.GenericEndpoint.lambda$null$0(GenericEndpoint.java:65)
	at org.eclipse.lsp4j.jsonrpc.services.GenericEndpoint.request(GenericEndpoint.java:120)
	at org.eclipse.lsp4j.jsonrpc.RemoteEndpoint.handleRequest(RemoteEndpoint.java:261)
	... 9 more

Nov 22, 2023 8:58:42 PM org.eclipse.lsp4j.jsonrpc.services.GenericEndpoint notify
INFO: Unsupported notification method: $/setTrace
Nov 22, 2023 8:58:47 PM org.eclipse.lsp4j.jsonrpc.RemoteEndpoint handleCancellation
WARNING: Unmatched cancel notification for request id 161
Nov 22, 2023 8:58:51 PM org.eclipse.lsp4j.jsonrpc.RemoteEndpoint handleCancellation
WARNING: Unmatched cancel notification for request id 173
Nov 22, 2023 8:58:53 PM org.eclipse.lsp4j.jsonrpc.RemoteEndpoint handleCancellation
WARNING: Unmatched cancel notification for request id 185
Nov 22, 2023 8:58:59 PM org.eclipse.lsp4j.jsonrpc.RemoteEndpoint handleCancellation
WARNING: Unmatched cancel notification for request id 201
2023.11.22 20:59:02 INFO  Deduplicating compilation of root from bsp client 'Metals 1.1.0' (since 1m 49.804s)
2023.11.22 20:59:02 INFO  Deduplicating compilation of root-test from bsp client 'Metals 1.1.0' (since 1m 49.816s)
2023.11.22 20:59:02 INFO  tracing is disabled for protocol dap-server, to enable tracing of incoming and outgoing JSON messages create an empty file at /home/ariane/Ariane/Development/Scala-Projects/algorithms/puzzles/.metals/dap-server.trace.json or /home/ariane/.cache/metals/dap-server.trace.json
2023.11.22 20:59:02 INFO  tracing is disabled for protocol dap-client, to enable tracing of incoming and outgoing JSON messages create an empty file at /home/ariane/Ariane/Development/Scala-Projects/algorithms/puzzles/.metals/dap-client.trace.json or /home/ariane/.cache/metals/dap-client.trace.json
2023.11.22 20:59:02 INFO  Starting debug proxy for [SearchSpec]
2023.11.22 20:59:02 INFO  Loaded expression compiler in 1 millisecond
2023.11.22 20:59:04 INFO  Loaded all sources and classes in 1 second
2023.11.22 20:59:04 INFO  Trying to attach to remote debuggee VM localhost:33189 .
2023.11.22 20:59:04 INFO  Attaching to debuggee VM succeeded.
2023.11.22 20:59:05 INFO  Canceling debug proxy for [SearchSpec]
2023.11.22 20:59:05 INFO  Closing debug server tcp://0.0.0.0:43145
2023.11.22 20:59:13 INFO  running '/usr/lib/jvm/java-11-openjdk-amd64/bin/java -Djline.terminal=jline.UnsupportedTerminal -Dsbt.log.noformat=true -Dfile.encoding=UTF-8 -jar /tmp/metals3285655516909855816/sbt-launch.jar -Dbloop.export-jar-classifiers=sources bloopInstall'
2023.11.22 20:59:15 INFO  [info] welcome to sbt 1.9.7 (Ubuntu Java 11.0.20.1)
2023.11.22 20:59:17 INFO  [info] loading settings for project puzzles-build-build from metals.sbt ...
2023.11.22 20:59:19 INFO  [info] loading project definition from /home/ariane/Ariane/Development/Scala-Projects/algorithms/puzzles/project/project
2023.11.22 20:59:21 INFO  [info] loading settings for project puzzles-build from metals.sbt ...
2023.11.22 20:59:21 INFO  [info] loading project definition from /home/ariane/Ariane/Development/Scala-Projects/algorithms/puzzles/project
2023.11.22 20:59:28 INFO  [success] Generated .bloop/puzzles-build.json
2023.11.22 20:59:28 INFO  [success] Total time: 7 s, completed Nov 22, 2023, 8:59:29 PM
2023.11.22 20:59:29 INFO  [info] loading settings for project root from build.sbt ...
2023.11.22 20:59:29 INFO  [info] set current project to scalatest-example (in build file:/home/ariane/Ariane/Development/Scala-Projects/algorithms/puzzles/)
2023.11.22 20:59:31 INFO  [success] Generated .bloop/root.json
2023.11.22 20:59:31 INFO  [success] Generated .bloop/root-test.json
2023.11.22 20:59:31 INFO  [success] Total time: 1 s, completed Nov 22, 2023, 8:59:32 PM
2023.11.22 20:59:32 INFO  time: ran 'sbt bloopInstall' in 19s
2023.11.22 20:59:32 INFO  Disconnecting from Bloop session...
2023.11.22 20:59:32 INFO  Shut down connection with build server.
2023.11.22 20:59:32 INFO  Shut down connection with build server.
2023.11.22 20:59:32 INFO  Attempting to connect to the build server...
2023.11.22 20:59:32 INFO  Bloop uses /usr/lib/jvm/java-11-openjdk-amd64 defined at /home/ariane/.bloop/bloop.json
2023.11.22 20:59:32 INFO  tracing is disabled for protocol BSP, to enable tracing of incoming and outgoing JSON messages create an empty file at /home/ariane/Ariane/Development/Scala-Projects/algorithms/puzzles/.metals/bsp.trace.json or /home/ariane/.cache/metals/bsp.trace.json
2023.11.22 20:59:32 INFO  Attempting to connect to the build server...
2023.11.22 20:59:32 INFO  Bloop uses /usr/lib/jvm/java-11-openjdk-amd64 defined at /home/ariane/.bloop/bloop.json
2023.11.22 20:59:32 INFO  tracing is disabled for protocol BSP, to enable tracing of incoming and outgoing JSON messages create an empty file at /home/ariane/Ariane/Development/Scala-Projects/algorithms/puzzles/project/.metals/bsp.trace.json or /home/ariane/.cache/metals/bsp.trace.json
2023.11.22 20:59:32 INFO  time: Connected to build server in 0.3s
2023.11.22 20:59:32 INFO  Connected to Build server: Bloop v1.5.11
2023.11.22 20:59:36 INFO  time: indexed workspace in 3.45s
Nov 22, 2023 9:00:10 PM org.eclipse.lsp4j.jsonrpc.RemoteEndpoint fallbackResponseError
SEVERE: Internal error: scala.meta.internal.metals.debug.DebugProvider$NoRunOptionException$: There is nothing to run or test in the current file.
java.util.concurrent.CompletionException: scala.meta.internal.metals.debug.DebugProvider$NoRunOptionException$: There is nothing to run or test in the current file.
	at java.base/java.util.concurrent.CompletableFuture.encodeThrowable(CompletableFuture.java:331)
	at java.base/java.util.concurrent.CompletableFuture.uniAcceptNow(CompletableFuture.java:743)
	at java.base/java.util.concurrent.CompletableFuture.uniAcceptStage(CompletableFuture.java:731)
	at java.base/java.util.concurrent.CompletableFuture.thenAcceptAsync(CompletableFuture.java:2112)
	at scala.concurrent.java8.FuturesConvertersImpl$CF.thenAccept(FutureConvertersImpl.scala:37)
	at org.eclipse.lsp4j.jsonrpc.RemoteEndpoint.handleRequest(RemoteEndpoint.java:279)
	at org.eclipse.lsp4j.jsonrpc.RemoteEndpoint.consume(RemoteEndpoint.java:190)
	at org.eclipse.lsp4j.jsonrpc.json.StreamMessageProducer.handleMessage(StreamMessageProducer.java:194)
	at org.eclipse.lsp4j.jsonrpc.json.StreamMessageProducer.listen(StreamMessageProducer.java:94)
	at org.eclipse.lsp4j.jsonrpc.json.ConcurrentMessageProcessor.run(ConcurrentMessageProcessor.java:113)
	at java.base/java.util.concurrent.Executors$RunnableAdapter.call(Executors.java:515)
	at java.base/java.util.concurrent.FutureTask.run(FutureTask.java:264)
	at java.base/java.util.concurrent.ThreadPoolExecutor.runWorker(ThreadPoolExecutor.java:1128)
	at java.base/java.util.concurrent.ThreadPoolExecutor$Worker.run(ThreadPoolExecutor.java:628)
	at java.base/java.lang.Thread.run(Thread.java:829)
Caused by: scala.meta.internal.metals.debug.DebugProvider$NoRunOptionException$: There is nothing to run or test in the current file.
	at scala.meta.internal.metals.debug.DebugProvider$NoRunOptionException$.<clinit>(DebugProvider.scala:929)
	at scala.meta.internal.metals.debug.DebugProvider.$anonfun$resolveInFile$2(DebugProvider.scala:370)
	at scala.Option.fold(Option.scala:263)
	at scala.meta.internal.metals.debug.DebugProvider.resolveInFile(DebugProvider.scala:341)
	at scala.meta.internal.metals.debug.DebugProvider.debugDiscovery(DebugProvider.scala:475)
	at scala.meta.internal.metals.MetalsLspService.debugDiscovery(MetalsLspService.scala:1857)
	at scala.meta.internal.metals.WorkspaceLspService.executeCommand(WorkspaceLspService.scala:880)
	at scala.meta.metals.lsp.DelegatingScalaService.executeCommand(DelegatingScalaService.scala:169)
	at java.base/jdk.internal.reflect.NativeMethodAccessorImpl.invoke0(Native Method)
	at java.base/jdk.internal.reflect.NativeMethodAccessorImpl.invoke(NativeMethodAccessorImpl.java:62)
	at java.base/jdk.internal.reflect.DelegatingMethodAccessorImpl.invoke(DelegatingMethodAccessorImpl.java:43)
	at java.base/java.lang.reflect.Method.invoke(Method.java:566)
	at org.eclipse.lsp4j.jsonrpc.services.GenericEndpoint.lambda$null$0(GenericEndpoint.java:65)
	at org.eclipse.lsp4j.jsonrpc.services.GenericEndpoint.request(GenericEndpoint.java:120)
	at org.eclipse.lsp4j.jsonrpc.RemoteEndpoint.handleRequest(RemoteEndpoint.java:261)
	... 9 more

2023.11.22 21:00:13 INFO  Deduplicating compilation of root-test from bsp client 'Metals 1.1.0' (since 40.768s)
2023.11.22 21:00:13 INFO  tracing is disabled for protocol dap-server, to enable tracing of incoming and outgoing JSON messages create an empty file at /home/ariane/Ariane/Development/Scala-Projects/algorithms/puzzles/.metals/dap-server.trace.json or /home/ariane/.cache/metals/dap-server.trace.json
2023.11.22 21:00:13 INFO  tracing is disabled for protocol dap-client, to enable tracing of incoming and outgoing JSON messages create an empty file at /home/ariane/Ariane/Development/Scala-Projects/algorithms/puzzles/.metals/dap-client.trace.json or /home/ariane/.cache/metals/dap-client.trace.json
2023.11.22 21:00:14 INFO  Starting debug proxy for [SearchSpec]
2023.11.22 21:00:15 INFO  Loaded expression compiler in 1 millisecond
2023.11.22 21:00:16 INFO  Loaded all sources and classes in 1 second
2023.11.22 21:00:16 INFO  Trying to attach to remote debuggee VM localhost:48133 .
2023.11.22 21:00:16 INFO  Attaching to debuggee VM succeeded.
2023.11.22 21:00:18 INFO  Canceling debug proxy for [SearchSpec]
2023.11.22 21:00:18 INFO  Closing debug server tcp://0.0.0.0:44475
2023.11.22 21:02:08 ERROR Failed to tokenize input for semantic tokens for /home/ariane/Ariane/Development/Scala-Projects/algorithms/puzzles/src/main/scala/Puzzle.scala
scala.meta.tokenizers.TokenizeException: <input>:7: error: Invalid literal number
Each day, you'll have a new set of measurements and a similar task to complete. Completing each task earns you a star, and you aim to collect 50 stars by December 25th.
                                                                                                                                                                   ^
	at scala.meta.internal.tokenizers.Reporter.syntaxError(Reporter.scala:23)
	at scala.meta.internal.tokenizers.Reporter.syntaxError$(Reporter.scala:23)
	at scala.meta.internal.tokenizers.Reporter$$anon$1.syntaxError(Reporter.scala:33)
	at scala.meta.internal.tokenizers.Reporter.syntaxError(Reporter.scala:25)
	at scala.meta.internal.tokenizers.Reporter.syntaxError$(Reporter.scala:25)
	at scala.meta.internal.tokenizers.Reporter$$anon$1.syntaxError(Reporter.scala:33)
	at scala.meta.internal.tokenizers.LegacyScanner.checkNoLetter(LegacyScanner.scala:820)
	at scala.meta.internal.tokenizers.LegacyScanner.restOfUncertainToken$1(LegacyScanner.scala:864)
	at scala.meta.internal.tokenizers.LegacyScanner.getNumber(LegacyScanner.scala:872)
	at scala.meta.internal.tokenizers.LegacyScanner.fetchToken(LegacyScanner.scala:335)
	at scala.meta.internal.tokenizers.LegacyScanner.nextToken(LegacyScanner.scala:211)
	at scala.meta.internal.tokenizers.LegacyScanner.foreach(LegacyScanner.scala:1011)
	at scala.meta.internal.tokenizers.ScalametaTokenizer.uncachedTokenize(ScalametaTokenizer.scala:24)
	at scala.meta.internal.tokenizers.ScalametaTokenizer.$anonfun$tokenize$1(ScalametaTokenizer.scala:17)
	at scala.collection.concurrent.TrieMap.getOrElseUpdate(TrieMap.scala:962)
	at scala.meta.internal.tokenizers.ScalametaTokenizer.tokenize(ScalametaTokenizer.scala:17)
	at scala.meta.internal.tokenizers.ScalametaTokenizer$$anon$2.apply(ScalametaTokenizer.scala:332)
	at scala.meta.tokenizers.Api$XtensionTokenizeDialectInput.tokenize(Api.scala:25)
	at scala.meta.tokenizers.Api$XtensionTokenizeInputLike.tokenize(Api.scala:14)
	at scala.meta.internal.metals.SemanticTokensProvider$.getTokens(SemanticTokensProvider.scala:30)
	at scala.meta.internal.metals.SemanticTokensProvider$.provide(SemanticTokensProvider.scala:89)
	at scala.meta.internal.metals.Compilers.$anonfun$semanticTokens$3(Compilers.scala:539)
	at scala.concurrent.impl.Promise$Transformation.run(Promise.scala:467)
	at java.util.concurrent.ThreadPoolExecutor.runWorker(ThreadPoolExecutor.java:1128)
	at java.util.concurrent.ThreadPoolExecutor$Worker.run(ThreadPoolExecutor.java:628)
	at java.lang.Thread.run(Thread.java:829)

2023.11.22 21:02:29 ERROR Failed to tokenize input for semantic tokens for /home/ariane/Ariane/Development/Scala-Projects/algorithms/puzzles/src/main/scala/Puzzle.scala
scala.meta.tokenizers.TokenizeException: <input>:16: error: Invalid literal number
Each day, you'll have a new set of measurements and a similar task to complete. Completing each task earns you a star, and you aim to collect 50 stars by December 25th.
                                                                                                                                                                   ^
	at scala.meta.internal.tokenizers.Reporter.syntaxError(Reporter.scala:23)
	at scala.meta.internal.tokenizers.Reporter.syntaxError$(Reporter.scala:23)
	at scala.meta.internal.tokenizers.Reporter$$anon$1.syntaxError(Reporter.scala:33)
	at scala.meta.internal.tokenizers.Reporter.syntaxError(Reporter.scala:25)
	at scala.meta.internal.tokenizers.Reporter.syntaxError$(Reporter.scala:25)
	at scala.meta.internal.tokenizers.Reporter$$anon$1.syntaxError(Reporter.scala:33)
	at scala.meta.internal.tokenizers.LegacyScanner.checkNoLetter(LegacyScanner.scala:820)
	at scala.meta.internal.tokenizers.LegacyScanner.restOfUncertainToken$1(LegacyScanner.scala:864)
	at scala.meta.internal.tokenizers.LegacyScanner.getNumber(LegacyScanner.scala:872)
	at scala.meta.internal.tokenizers.LegacyScanner.fetchToken(LegacyScanner.scala:335)
	at scala.meta.internal.tokenizers.LegacyScanner.nextToken(LegacyScanner.scala:211)
	at scala.meta.internal.tokenizers.LegacyScanner.foreach(LegacyScanner.scala:1011)
	at scala.meta.internal.tokenizers.ScalametaTokenizer.uncachedTokenize(ScalametaTokenizer.scala:24)
	at scala.meta.internal.tokenizers.ScalametaTokenizer.$anonfun$tokenize$1(ScalametaTokenizer.scala:17)
	at scala.collection.concurrent.TrieMap.getOrElseUpdate(TrieMap.scala:962)
	at scala.meta.internal.tokenizers.ScalametaTokenizer.tokenize(ScalametaTokenizer.scala:17)
	at scala.meta.internal.tokenizers.ScalametaTokenizer$$anon$2.apply(ScalametaTokenizer.scala:332)
	at scala.meta.tokenizers.Api$XtensionTokenizeDialectInput.tokenize(Api.scala:25)
	at scala.meta.tokenizers.Api$XtensionTokenizeInputLike.tokenize(Api.scala:14)
	at scala.meta.internal.metals.SemanticTokensProvider$.getTokens(SemanticTokensProvider.scala:30)
	at scala.meta.internal.metals.SemanticTokensProvider$.provide(SemanticTokensProvider.scala:89)
	at scala.meta.internal.metals.Compilers.$anonfun$semanticTokens$3(Compilers.scala:539)
	at scala.concurrent.impl.Promise$Transformation.run(Promise.scala:467)
	at java.util.concurrent.ThreadPoolExecutor.runWorker(ThreadPoolExecutor.java:1128)
	at java.util.concurrent.ThreadPoolExecutor$Worker.run(ThreadPoolExecutor.java:628)
	at java.lang.Thread.run(Thread.java:829)

